mode: set
github.com/jhwbarlow/tcp-audit-ftrace-eventer/main.go:45.41,48.16 2 0
github.com/jhwbarlow/tcp-audit-ftrace-eventer/main.go:53.2,54.16 2 0
github.com/jhwbarlow/tcp-audit-ftrace-eventer/main.go:59.2,60.16 2 0
github.com/jhwbarlow/tcp-audit-ftrace-eventer/main.go:65.2,65.15 1 0
github.com/jhwbarlow/tcp-audit-ftrace-eventer/main.go:72.2,72.48 1 0
github.com/jhwbarlow/tcp-audit-ftrace-eventer/main.go:77.2,77.63 1 0
github.com/jhwbarlow/tcp-audit-ftrace-eventer/main.go:82.2,83.16 2 0
github.com/jhwbarlow/tcp-audit-ftrace-eventer/main.go:88.2,88.15 1 0
github.com/jhwbarlow/tcp-audit-ftrace-eventer/main.go:94.2,100.8 1 0
github.com/jhwbarlow/tcp-audit-ftrace-eventer/main.go:48.16,50.3 1 0
github.com/jhwbarlow/tcp-audit-ftrace-eventer/main.go:54.16,56.3 1 0
github.com/jhwbarlow/tcp-audit-ftrace-eventer/main.go:60.16,62.3 1 0
github.com/jhwbarlow/tcp-audit-ftrace-eventer/main.go:65.15,66.17 1 0
github.com/jhwbarlow/tcp-audit-ftrace-eventer/main.go:66.17,68.4 1 0
github.com/jhwbarlow/tcp-audit-ftrace-eventer/main.go:72.48,74.3 1 0
github.com/jhwbarlow/tcp-audit-ftrace-eventer/main.go:77.63,79.3 1 0
github.com/jhwbarlow/tcp-audit-ftrace-eventer/main.go:83.16,85.3 1 0
github.com/jhwbarlow/tcp-audit-ftrace-eventer/main.go:88.15,89.17 1 0
github.com/jhwbarlow/tcp-audit-ftrace-eventer/main.go:89.17,91.4 1 0
github.com/jhwbarlow/tcp-audit-ftrace-eventer/main.go:103.49,105.14 2 0
github.com/jhwbarlow/tcp-audit-ftrace-eventer/main.go:108.2,112.6 4 0
github.com/jhwbarlow/tcp-audit-ftrace-eventer/main.go:105.14,107.3 1 0
github.com/jhwbarlow/tcp-audit-ftrace-eventer/main.go:112.6,113.24 1 0
github.com/jhwbarlow/tcp-audit-ftrace-eventer/main.go:129.3,130.20 2 0
github.com/jhwbarlow/tcp-audit-ftrace-eventer/main.go:134.3,135.17 2 0
github.com/jhwbarlow/tcp-audit-ftrace-eventer/main.go:143.3,143.20 1 0
github.com/jhwbarlow/tcp-audit-ftrace-eventer/main.go:113.24,114.41 1 0
github.com/jhwbarlow/tcp-audit-ftrace-eventer/main.go:126.4,126.70 1 0
github.com/jhwbarlow/tcp-audit-ftrace-eventer/main.go:114.41,116.17 2 0
github.com/jhwbarlow/tcp-audit-ftrace-eventer/main.go:119.5,121.69 2 0
github.com/jhwbarlow/tcp-audit-ftrace-eventer/main.go:116.17,118.6 1 0
github.com/jhwbarlow/tcp-audit-ftrace-eventer/main.go:130.20,131.12 1 0
github.com/jhwbarlow/tcp-audit-ftrace-eventer/main.go:135.17,136.33 1 0
github.com/jhwbarlow/tcp-audit-ftrace-eventer/main.go:140.4,140.69 1 0
github.com/jhwbarlow/tcp-audit-ftrace-eventer/main.go:136.33,137.13 1 0
github.com/jhwbarlow/tcp-audit-ftrace-eventer/main.go:147.33,155.62 5 0
github.com/jhwbarlow/tcp-audit-ftrace-eventer/main.go:159.2,159.82 1 0
github.com/jhwbarlow/tcp-audit-ftrace-eventer/main.go:163.2,163.12 1 0
github.com/jhwbarlow/tcp-audit-ftrace-eventer/main.go:155.62,157.3 1 0
github.com/jhwbarlow/tcp-audit-ftrace-eventer/main.go:159.82,161.3 1 0
github.com/jhwbarlow/tcp-audit-ftrace-eventer/main.go:166.45,171.38 3 0
github.com/jhwbarlow/tcp-audit-ftrace-eventer/main.go:176.2,177.16 2 0
github.com/jhwbarlow/tcp-audit-ftrace-eventer/main.go:180.2,183.6 3 0
github.com/jhwbarlow/tcp-audit-ftrace-eventer/main.go:171.38,174.3 2 0
github.com/jhwbarlow/tcp-audit-ftrace-eventer/main.go:177.16,179.3 1 0
github.com/jhwbarlow/tcp-audit-ftrace-eventer/main.go:183.6,184.22 1 0
github.com/jhwbarlow/tcp-audit-ftrace-eventer/main.go:193.3,195.17 3 0
github.com/jhwbarlow/tcp-audit-ftrace-eventer/main.go:199.3,199.34 1 0
github.com/jhwbarlow/tcp-audit-ftrace-eventer/main.go:184.22,185.40 1 0
github.com/jhwbarlow/tcp-audit-ftrace-eventer/main.go:190.4,190.48 1 0
github.com/jhwbarlow/tcp-audit-ftrace-eventer/main.go:185.40,187.5 1 0
github.com/jhwbarlow/tcp-audit-ftrace-eventer/main.go:195.17,197.4 1 0
github.com/jhwbarlow/tcp-audit-ftrace-eventer/main.go:199.34,201.18 2 0
github.com/jhwbarlow/tcp-audit-ftrace-eventer/main.go:206.4,206.26 1 0
github.com/jhwbarlow/tcp-audit-ftrace-eventer/main.go:201.18,203.5 1 0
github.com/jhwbarlow/tcp-audit-ftrace-eventer/main.go:211.55,214.39 2 0
github.com/jhwbarlow/tcp-audit-ftrace-eventer/main.go:218.2,218.38 1 0
github.com/jhwbarlow/tcp-audit-ftrace-eventer/main.go:232.2,232.40 1 0
github.com/jhwbarlow/tcp-audit-ftrace-eventer/main.go:214.39,216.3 1 0
github.com/jhwbarlow/tcp-audit-ftrace-eventer/main.go:218.38,221.40 2 0
github.com/jhwbarlow/tcp-audit-ftrace-eventer/main.go:225.3,225.39 1 0
github.com/jhwbarlow/tcp-audit-ftrace-eventer/main.go:229.3,229.34 1 0
github.com/jhwbarlow/tcp-audit-ftrace-eventer/main.go:221.40,223.4 1 0
github.com/jhwbarlow/tcp-audit-ftrace-eventer/main.go:225.39,227.4 1 0
github.com/jhwbarlow/tcp-audit-ftrace-eventer/main.go:235.71,238.49 3 0
github.com/jhwbarlow/tcp-audit-ftrace-eventer/main.go:243.2,243.24 1 0
github.com/jhwbarlow/tcp-audit-ftrace-eventer/main.go:247.2,247.35 1 0
github.com/jhwbarlow/tcp-audit-ftrace-eventer/main.go:238.49,240.3 1 0
github.com/jhwbarlow/tcp-audit-ftrace-eventer/main.go:243.24,245.3 1 0
github.com/jhwbarlow/tcp-audit-ftrace-eventer/main.go:250.43,251.83 1 0
github.com/jhwbarlow/tcp-audit-ftrace-eventer/main.go:255.2,255.12 1 0
github.com/jhwbarlow/tcp-audit-ftrace-eventer/main.go:251.83,253.3 1 0
github.com/jhwbarlow/tcp-audit-ftrace-eventer/main.go:258.58,260.33 1 0
github.com/jhwbarlow/tcp-audit-ftrace-eventer/main.go:264.2,264.12 1 0
github.com/jhwbarlow/tcp-audit-ftrace-eventer/main.go:260.33,262.3 1 0
github.com/jhwbarlow/tcp-audit-ftrace-eventer/main.go:267.63,269.16 2 0
github.com/jhwbarlow/tcp-audit-ftrace-eventer/main.go:274.2,274.24 1 0
github.com/jhwbarlow/tcp-audit-ftrace-eventer/main.go:278.2,278.36 1 0
github.com/jhwbarlow/tcp-audit-ftrace-eventer/main.go:269.16,271.3 1 0
github.com/jhwbarlow/tcp-audit-ftrace-eventer/main.go:274.24,276.3 1 0
github.com/jhwbarlow/tcp-audit-ftrace-eventer/main.go:281.48,285.16 3 1
github.com/jhwbarlow/tcp-audit-ftrace-eventer/main.go:289.2,290.16 2 1
github.com/jhwbarlow/tcp-audit-ftrace-eventer/main.go:293.2,294.16 2 1
github.com/jhwbarlow/tcp-audit-ftrace-eventer/main.go:298.2,298.57 1 1
github.com/jhwbarlow/tcp-audit-ftrace-eventer/main.go:302.2,302.57 1 1
github.com/jhwbarlow/tcp-audit-ftrace-eventer/main.go:307.2,308.16 2 1
github.com/jhwbarlow/tcp-audit-ftrace-eventer/main.go:312.2,313.8 2 1
github.com/jhwbarlow/tcp-audit-ftrace-eventer/main.go:319.2,320.8 2 1
github.com/jhwbarlow/tcp-audit-ftrace-eventer/main.go:326.2,327.9 2 1
github.com/jhwbarlow/tcp-audit-ftrace-eventer/main.go:330.2,331.16 2 1
github.com/jhwbarlow/tcp-audit-ftrace-eventer/main.go:335.2,336.9 2 1
github.com/jhwbarlow/tcp-audit-ftrace-eventer/main.go:339.2,340.16 2 1
github.com/jhwbarlow/tcp-audit-ftrace-eventer/main.go:344.2,345.9 2 1
github.com/jhwbarlow/tcp-audit-ftrace-eventer/main.go:348.2,349.21 2 1
github.com/jhwbarlow/tcp-audit-ftrace-eventer/main.go:353.2,354.9 2 1
github.com/jhwbarlow/tcp-audit-ftrace-eventer/main.go:357.2,358.19 2 1
github.com/jhwbarlow/tcp-audit-ftrace-eventer/main.go:372.2,373.9 2 1
github.com/jhwbarlow/tcp-audit-ftrace-eventer/main.go:376.2,377.16 2 1
github.com/jhwbarlow/tcp-audit-ftrace-eventer/main.go:381.2,382.9 2 1
github.com/jhwbarlow/tcp-audit-ftrace-eventer/main.go:385.2,386.16 2 1
github.com/jhwbarlow/tcp-audit-ftrace-eventer/main.go:390.2,400.8 1 1
github.com/jhwbarlow/tcp-audit-ftrace-eventer/main.go:285.16,287.3 1 0
github.com/jhwbarlow/tcp-audit-ftrace-eventer/main.go:290.16,292.3 1 0
github.com/jhwbarlow/tcp-audit-ftrace-eventer/main.go:294.16,296.3 1 0
github.com/jhwbarlow/tcp-audit-ftrace-eventer/main.go:298.57,300.3 1 0
github.com/jhwbarlow/tcp-audit-ftrace-eventer/main.go:302.57,304.3 1 0
github.com/jhwbarlow/tcp-audit-ftrace-eventer/main.go:308.16,310.3 1 0
github.com/jhwbarlow/tcp-audit-ftrace-eventer/main.go:313.8,314.27 1 1
github.com/jhwbarlow/tcp-audit-ftrace-eventer/main.go:314.27,316.4 1 0
github.com/jhwbarlow/tcp-audit-ftrace-eventer/main.go:320.8,321.30 1 1
github.com/jhwbarlow/tcp-audit-ftrace-eventer/main.go:321.30,323.4 1 0
github.com/jhwbarlow/tcp-audit-ftrace-eventer/main.go:327.9,329.3 1 0
github.com/jhwbarlow/tcp-audit-ftrace-eventer/main.go:331.16,333.3 1 0
github.com/jhwbarlow/tcp-audit-ftrace-eventer/main.go:336.9,338.3 1 0
github.com/jhwbarlow/tcp-audit-ftrace-eventer/main.go:340.16,342.3 1 0
github.com/jhwbarlow/tcp-audit-ftrace-eventer/main.go:345.9,347.3 1 0
github.com/jhwbarlow/tcp-audit-ftrace-eventer/main.go:349.21,351.3 1 0
github.com/jhwbarlow/tcp-audit-ftrace-eventer/main.go:354.9,356.3 1 0
github.com/jhwbarlow/tcp-audit-ftrace-eventer/main.go:358.19,360.3 1 0
github.com/jhwbarlow/tcp-audit-ftrace-eventer/main.go:373.9,375.3 1 0
github.com/jhwbarlow/tcp-audit-ftrace-eventer/main.go:377.16,379.3 1 0
github.com/jhwbarlow/tcp-audit-ftrace-eventer/main.go:382.9,384.3 1 0
github.com/jhwbarlow/tcp-audit-ftrace-eventer/main.go:386.16,388.3 1 0
github.com/jhwbarlow/tcp-audit-ftrace-eventer/main.go:403.60,409.40 3 1
github.com/jhwbarlow/tcp-audit-ftrace-eventer/main.go:411.2,415.44 3 1
github.com/jhwbarlow/tcp-audit-ftrace-eventer/main.go:417.2,419.21 2 1
github.com/jhwbarlow/tcp-audit-ftrace-eventer/main.go:409.41,410.3 0 1
github.com/jhwbarlow/tcp-audit-ftrace-eventer/main.go:415.45,416.3 0 0
github.com/jhwbarlow/tcp-audit-ftrace-eventer/main.go:422.90,426.15 3 1
github.com/jhwbarlow/tcp-audit-ftrace-eventer/main.go:436.2,439.19 3 1
github.com/jhwbarlow/tcp-audit-ftrace-eventer/main.go:426.15,427.23 1 1
github.com/jhwbarlow/tcp-audit-ftrace-eventer/main.go:432.3,433.23 2 1
github.com/jhwbarlow/tcp-audit-ftrace-eventer/main.go:427.23,429.4 1 0
github.com/jhwbarlow/tcp-audit-ftrace-eventer/main.go:442.53,449.2 4 1
github.com/jhwbarlow/tcp-audit-ftrace-eventer/main.go:451.62,453.6 2 1
github.com/jhwbarlow/tcp-audit-ftrace-eventer/main.go:471.2,471.20 1 1
github.com/jhwbarlow/tcp-audit-ftrace-eventer/main.go:453.6,455.17 2 1
github.com/jhwbarlow/tcp-audit-ftrace-eventer/main.go:459.3,460.34 2 1
github.com/jhwbarlow/tcp-audit-ftrace-eventer/main.go:464.3,466.20 2 1
github.com/jhwbarlow/tcp-audit-ftrace-eventer/main.go:455.17,457.4 1 0
github.com/jhwbarlow/tcp-audit-ftrace-eventer/main.go:460.34,462.4 1 0
github.com/jhwbarlow/tcp-audit-ftrace-eventer/main.go:466.20,467.9 1 1
github.com/jhwbarlow/tcp-audit-ftrace-eventer/main.go:474.29,476.22 2 1
github.com/jhwbarlow/tcp-audit-ftrace-eventer/main.go:476.22,477.44 1 0
github.com/jhwbarlow/tcp-audit-ftrace-eventer/main.go:477.44,479.4 1 0
github.com/jhwbarlow/tcp-audit-ftrace-eventer/main.go:479.9,481.4 1 0
github.com/jhwbarlow/tcp-audit-ftrace-eventer/main.go:485.62,486.15 1 1
github.com/jhwbarlow/tcp-audit-ftrace-eventer/main.go:500.2,500.35 1 1
github.com/jhwbarlow/tcp-audit-ftrace-eventer/main.go:487.19,488.19 1 0
github.com/jhwbarlow/tcp-audit-ftrace-eventer/main.go:489.23,490.23 1 0
github.com/jhwbarlow/tcp-audit-ftrace-eventer/main.go:491.23,492.23 1 0
github.com/jhwbarlow/tcp-audit-ftrace-eventer/main.go:493.22,494.25 1 0
github.com/jhwbarlow/tcp-audit-ftrace-eventer/main.go:495.10,497.46 2 1
github.com/jhwbarlow/tcp-audit-ftrace-eventer/main.go:503.45,505.44 2 0
github.com/jhwbarlow/tcp-audit-ftrace-eventer/main.go:509.2,509.12 1 0
github.com/jhwbarlow/tcp-audit-ftrace-eventer/main.go:505.44,507.3 1 0
github.com/jhwbarlow/tcp-audit-ftrace-eventer/main.go:512.42,514.37 2 0
github.com/jhwbarlow/tcp-audit-ftrace-eventer/main.go:518.2,518.12 1 0
github.com/jhwbarlow/tcp-audit-ftrace-eventer/main.go:514.37,516.3 1 0
